2015-01-24 11:38:35,324 [main] INFO  com.util.PathUtil 13 - /D:/workspace-git/practice-java/algorithms/bin/
2015-01-24 11:40:11,348 [main] INFO  com.util.PathUtil 13 - 获取当前类的所在工程路径：/D:/workspace-git/practice-java/algorithms/bin/
2015-01-24 11:40:11,359 [main] INFO  com.util.PathUtil 14 - 获取当前类的绝对路径：/D:/workspace-git/practice-java/algorithms/bin/com/util/
2015-01-24 11:42:34,190 [main] INFO  com.util.PathUtil 13 - 获取当前类的所在工程路径：/D:/workspace-git/practice-java/algorithms/bin/
2015-01-24 11:42:34,200 [main] INFO  com.util.PathUtil 14 - 获取当前类的绝对路径：/D:/workspace-git/practice-java/algorithms/bin/com/util/
2015-01-24 11:42:34,200 [main] INFO  com.util.PathUtil 15 - 获取当前类的绝对路径：D:\workspace-git\practice-java\algorithms
2015-01-24 11:43:18,199 [main] INFO  com.util.PathUtil 13 - 获取当前类的所在工程路径，bin目录：/D:/workspace-git/practice-java/algorithms/bin/
2015-01-24 11:43:18,210 [main] INFO  com.util.PathUtil 14 - 获取当前类的绝对路径：/D:/workspace-git/practice-java/algorithms/bin/com/util/
2015-01-24 11:43:18,211 [main] INFO  com.util.PathUtil 15 - 获取当前类的所在工程路径：D:\workspace-git\practice-java\algorithms
2015-01-24 11:43:18,211 [main] INFO  com.util.PathUtil 16 - 获取当前类的所在工程路径：D:\workspace-git\practice-java\algorithms\bin;D:\workspace-git\practice-java\algorithms\lib\log4j-over-slf4j-1.5.8.jar;D:\workspace-git\practice-java\algorithms\lib\logback-classic-0.9.17.jar;D:\workspace-git\practice-java\algorithms\lib\logback-core-0.9.17.jar;D:\workspace-git\practice-java\algorithms\lib\slf4j-api-1.5.8.jar;D:\workspace-git\practice-java\algorithms\lib\commons-beanutils-1.8.0.jar;D:\workspace-git\practice-java\algorithms\lib\commons-codec-1.3.jar;D:\workspace-git\practice-java\algorithms\lib\commons-collections-3.2.jar;D:\workspace-git\practice-java\algorithms\lib\commons-dbcp-1.2.2.jar;D:\workspace-git\practice-java\algorithms\lib\commons-el-1.0.jar;D:\workspace-git\practice-java\algorithms\lib\commons-fileupload-1.2.1.jar;D:\workspace-git\practice-java\algorithms\lib\commons-httpclient-3.1.jar;D:\workspace-git\practice-java\algorithms\lib\commons-io-2.1.jar;D:\workspace-git\practice-java\algorithms\lib\commons-jexl-1.1.jar;D:\workspace-git\practice-java\algorithms\lib\commons-lang-2.3.jar;D:\workspace-git\practice-java\algorithms\lib\commons-logging-1.1.1.jar;D:\workspace-git\practice-java\algorithms\lib\commons-pool-1.3.jar;D:\workspace-git\practice-java\algorithms\lib\janino-2.5.10.jar;D:\workspace-git\practice-java\algorithms\lib\aspectjweaver-1.6.5.jar
2015-01-24 11:47:37,197 [main] INFO  com.util.PathUtil 15 - 获取当前类的所在工程路径，bin目录：/D:/workspace-git/practice-java/algorithms/bin/
2015-01-24 11:47:37,206 [main] INFO  com.util.PathUtil 16 - 获取当前类的绝对路径：/D:/workspace-git/practice-java/algorithms/bin/com/util/
2015-01-24 11:47:37,207 [main] INFO  com.util.PathUtil 17 - 获取当前类的所在工程路径：D:\workspace-git\practice-java\algorithms
2015-01-24 11:47:37,207 [main] INFO  com.util.PathUtil 18 - 获取当前类的所在工程路径：D:\workspace-git\practice-java\algorithms\bin;D:\workspace-git\practice-java\algorithms\lib\log4j-over-slf4j-1.5.8.jar;D:\workspace-git\practice-java\algorithms\lib\logback-classic-0.9.17.jar;D:\workspace-git\practice-java\algorithms\lib\logback-core-0.9.17.jar;D:\workspace-git\practice-java\algorithms\lib\slf4j-api-1.5.8.jar;D:\workspace-git\practice-java\algorithms\lib\commons-beanutils-1.8.0.jar;D:\workspace-git\practice-java\algorithms\lib\commons-codec-1.3.jar;D:\workspace-git\practice-java\algorithms\lib\commons-collections-3.2.jar;D:\workspace-git\practice-java\algorithms\lib\commons-dbcp-1.2.2.jar;D:\workspace-git\practice-java\algorithms\lib\commons-el-1.0.jar;D:\workspace-git\practice-java\algorithms\lib\commons-fileupload-1.2.1.jar;D:\workspace-git\practice-java\algorithms\lib\commons-httpclient-3.1.jar;D:\workspace-git\practice-java\algorithms\lib\commons-io-2.1.jar;D:\workspace-git\practice-java\algorithms\lib\commons-jexl-1.1.jar;D:\workspace-git\practice-java\algorithms\lib\commons-lang-2.3.jar;D:\workspace-git\practice-java\algorithms\lib\commons-logging-1.1.1.jar;D:\workspace-git\practice-java\algorithms\lib\commons-pool-1.3.jar;D:\workspace-git\practice-java\algorithms\lib\janino-2.5.10.jar;D:\workspace-git\practice-java\algorithms\lib\aspectjweaver-1.6.5.jar
2015-01-24 11:48:08,317 [main] INFO  com.util.PathUtil 15 - 获取当前类的所在工程路径，bin目录：/D:/workspace-git/practice-java/algorithms/bin/
2015-01-24 11:48:08,326 [main] INFO  com.util.PathUtil 16 - 获取当前类的绝对路径：/D:/workspace-git/practice-java/algorithms/bin/com/util/
2015-01-24 11:48:08,327 [main] INFO  com.util.PathUtil 17 - 获取当前类的所在工程路径：D:\workspace-git\practice-java\algorithms
2015-01-24 11:48:08,328 [main] INFO  com.util.PathUtil 18 - 获取当前类的所在工程路径：D:\workspace-git\practice-java\algorithms\bin;D:\workspace-git\practice-java\algorithms\lib\log4j-over-slf4j-1.5.8.jar;D:\workspace-git\practice-java\algorithms\lib\logback-classic-0.9.17.jar;D:\workspace-git\practice-java\algorithms\lib\logback-core-0.9.17.jar;D:\workspace-git\practice-java\algorithms\lib\slf4j-api-1.5.8.jar;D:\workspace-git\practice-java\algorithms\lib\commons-beanutils-1.8.0.jar;D:\workspace-git\practice-java\algorithms\lib\commons-codec-1.3.jar;D:\workspace-git\practice-java\algorithms\lib\commons-collections-3.2.jar;D:\workspace-git\practice-java\algorithms\lib\commons-dbcp-1.2.2.jar;D:\workspace-git\practice-java\algorithms\lib\commons-el-1.0.jar;D:\workspace-git\practice-java\algorithms\lib\commons-fileupload-1.2.1.jar;D:\workspace-git\practice-java\algorithms\lib\commons-httpclient-3.1.jar;D:\workspace-git\practice-java\algorithms\lib\commons-io-2.1.jar;D:\workspace-git\practice-java\algorithms\lib\commons-jexl-1.1.jar;D:\workspace-git\practice-java\algorithms\lib\commons-lang-2.3.jar;D:\workspace-git\practice-java\algorithms\lib\commons-logging-1.1.1.jar;D:\workspace-git\practice-java\algorithms\lib\commons-pool-1.3.jar;D:\workspace-git\practice-java\algorithms\lib\janino-2.5.10.jar;D:\workspace-git\practice-java\algorithms\lib\aspectjweaver-1.6.5.jar
2015-01-24 11:48:08,329 [main] INFO  com.util.PathUtil 21 - 获取当前类的所在工程路径：/D:/workspace-git/practice-java/algorithms/bin/
2015-01-24 11:55:44,931 [main] INFO  com.file.properties.checkchange.FileCheckChange 28 - key:log.base, value:logs/
2015-01-24 19:30:27,154 [com.file.properties.checkchange.FileChangeMonitor] INFO  com.file.properties.checkchange.FileChangeObserver 26 - key:name, value:tony
2015-01-24 19:30:27,198 [com.file.properties.checkchange.FileChangeMonitor] INFO  com.file.properties.checkchange.FileChangeObserver 26 - key:log.base, value:logs/
2015-01-24 19:34:48,316 [main] INFO  com.file.properties.checkchange.FileChangeObserver 43 - key:name, value:tony
2015-01-24 19:34:48,329 [main] INFO  com.file.properties.checkchange.FileChangeObserver 43 - key:log.base, value:logs/
2015-01-24 19:34:49,334 [com.file.properties.checkchange.FileChangeMonitor] INFO  com.file.properties.checkchange.FileChangeMonitor 79 - nothing changed for test.properties
2015-01-24 19:34:50,332 [com.file.properties.checkchange.FileChangeMonitor] INFO  com.file.properties.checkchange.FileChangeMonitor 79 - nothing changed for test.properties
2015-01-24 19:34:51,332 [com.file.properties.checkchange.FileChangeMonitor] INFO  com.file.properties.checkchange.FileChangeMonitor 79 - nothing changed for test.properties
2015-01-24 19:34:52,332 [com.file.properties.checkchange.FileChangeMonitor] INFO  com.file.properties.checkchange.FileChangeMonitor 79 - nothing changed for test.properties
2015-01-24 19:34:53,332 [com.file.properties.checkchange.FileChangeMonitor] INFO  com.file.properties.checkchange.FileChangeMonitor 79 - nothing changed for test.properties
2015-01-24 19:34:54,332 [com.file.properties.checkchange.FileChangeMonitor] INFO  com.file.properties.checkchange.FileChangeMonitor 79 - nothing changed for test.properties
2015-01-24 19:34:55,332 [com.file.properties.checkchange.FileChangeMonitor] INFO  com.file.properties.checkchange.FileChangeMonitor 79 - nothing changed for test.properties
2015-01-24 19:34:56,332 [com.file.properties.checkchange.FileChangeMonitor] INFO  com.file.properties.checkchange.FileChangeMonitor 79 - nothing changed for test.properties
2015-01-24 19:34:57,333 [com.file.properties.checkchange.FileChangeMonitor] INFO  com.file.properties.checkchange.FileChangeMonitor 79 - nothing changed for test.properties
2015-01-24 19:34:58,333 [com.file.properties.checkchange.FileChangeMonitor] INFO  com.file.properties.checkchange.FileChangeMonitor 79 - nothing changed for test.properties
2015-01-24 19:34:59,333 [com.file.properties.checkchange.FileChangeMonitor] INFO  com.file.properties.checkchange.FileChangeMonitor 79 - nothing changed for test.properties
2015-01-24 19:35:00,333 [com.file.properties.checkchange.FileChangeMonitor] INFO  com.file.properties.checkchange.FileChangeMonitor 79 - nothing changed for test.properties
2015-01-24 19:35:01,333 [com.file.properties.checkchange.FileChangeMonitor] INFO  com.file.properties.checkchange.FileChangeMonitor 79 - nothing changed for test.properties
2015-01-24 19:35:02,333 [com.file.properties.checkchange.FileChangeMonitor] INFO  com.file.properties.checkchange.FileChangeMonitor 79 - nothing changed for test.properties
2015-01-24 19:35:03,333 [com.file.properties.checkchange.FileChangeMonitor] INFO  com.file.properties.checkchange.FileChangeMonitor 79 - nothing changed for test.properties
2015-01-24 19:35:04,333 [com.file.properties.checkchange.FileChangeMonitor] INFO  com.file.properties.checkchange.FileChangeMonitor 79 - nothing changed for test.properties
2015-01-24 19:35:05,333 [com.file.properties.checkchange.FileChangeMonitor] INFO  com.file.properties.checkchange.FileChangeMonitor 79 - nothing changed for test.properties
2015-01-24 19:35:06,333 [com.file.properties.checkchange.FileChangeMonitor] INFO  com.file.properties.checkchange.FileChangeMonitor 79 - nothing changed for test.properties
2015-01-24 19:35:07,333 [com.file.properties.checkchange.FileChangeMonitor] INFO  com.file.properties.checkchange.FileChangeMonitor 79 - nothing changed for test.properties
2015-01-24 19:35:08,333 [com.file.properties.checkchange.FileChangeMonitor] INFO  com.file.properties.checkchange.FileChangeMonitor 79 - nothing changed for test.properties
2015-01-24 19:35:09,333 [com.file.properties.checkchange.FileChangeMonitor] INFO  com.file.properties.checkchange.FileChangeMonitor 79 - nothing changed for test.properties
2015-01-24 19:35:10,333 [com.file.properties.checkchange.FileChangeMonitor] INFO  com.file.properties.checkchange.FileChangeMonitor 79 - nothing changed for test.properties
2015-01-24 19:35:11,333 [com.file.properties.checkchange.FileChangeMonitor] INFO  com.file.properties.checkchange.FileChangeMonitor 79 - nothing changed for test.properties
2015-01-24 19:35:12,333 [com.file.properties.checkchange.FileChangeMonitor] INFO  com.file.properties.checkchange.FileChangeMonitor 79 - nothing changed for test.properties
2015-01-24 19:35:13,333 [com.file.properties.checkchange.FileChangeMonitor] INFO  com.file.properties.checkchange.FileChangeMonitor 79 - nothing changed for test.properties
2015-01-24 19:35:14,334 [com.file.properties.checkchange.FileChangeMonitor] INFO  com.file.properties.checkchange.FileChangeMonitor 79 - nothing changed for test.properties
2015-01-24 19:35:15,334 [com.file.properties.checkchange.FileChangeMonitor] INFO  com.file.properties.checkchange.FileChangeMonitor 79 - nothing changed for test.properties
2015-01-24 19:35:16,334 [com.file.properties.checkchange.FileChangeMonitor] INFO  com.file.properties.checkchange.FileChangeMonitor 79 - nothing changed for test.properties
2015-01-24 19:35:17,334 [com.file.properties.checkchange.FileChangeMonitor] INFO  com.file.properties.checkchange.FileChangeMonitor 79 - nothing changed for test.properties
2015-01-24 19:35:18,334 [com.file.properties.checkchange.FileChangeMonitor] INFO  com.file.properties.checkchange.FileChangeMonitor 79 - nothing changed for test.properties
2015-01-24 19:35:19,334 [com.file.properties.checkchange.FileChangeMonitor] INFO  com.file.properties.checkchange.FileChangeMonitor 79 - nothing changed for test.properties
2015-01-24 19:35:20,334 [com.file.properties.checkchange.FileChangeMonitor] INFO  com.file.properties.checkchange.FileChangeMonitor 79 - nothing changed for test.properties
2015-01-24 19:35:21,334 [com.file.properties.checkchange.FileChangeMonitor] INFO  com.file.properties.checkchange.FileChangeMonitor 79 - nothing changed for test.properties
2015-01-24 19:35:22,334 [com.file.properties.checkchange.FileChangeMonitor] INFO  com.file.properties.checkchange.FileChangeMonitor 79 - nothing changed for test.properties
2015-01-24 19:35:23,334 [com.file.properties.checkchange.FileChangeMonitor] INFO  com.file.properties.checkchange.FileChangeMonitor 79 - nothing changed for test.properties
2015-01-24 19:35:24,334 [com.file.properties.checkchange.FileChangeMonitor] INFO  com.file.properties.checkchange.FileChangeMonitor 79 - nothing changed for test.properties
2015-01-24 19:35:25,354 [com.file.properties.checkchange.FileChangeMonitor] INFO  com.file.properties.checkchange.FileChangeObserver 43 - key:name, value:tony
2015-01-24 19:35:25,355 [com.file.properties.checkchange.FileChangeMonitor] INFO  com.file.properties.checkchange.FileChangeObserver 43 - key:log.base, value:logs/
2015-01-24 19:35:25,356 [com.file.properties.checkchange.FileChangeMonitor] INFO  com.file.properties.checkchange.FileChangeObserver 43 - key:pass, value:123
2015-01-24 19:35:25,356 [com.file.properties.checkchange.FileChangeMonitor] INFO  com.file.properties.checkchange.FileChangeMonitor 77 - file changed for test.properties
2015-01-24 19:35:26,334 [com.file.properties.checkchange.FileChangeMonitor] INFO  com.file.properties.checkchange.FileChangeMonitor 79 - nothing changed for test.properties
2015-01-24 19:35:27,334 [com.file.properties.checkchange.FileChangeMonitor] INFO  com.file.properties.checkchange.FileChangeMonitor 79 - nothing changed for test.properties
2015-01-24 19:35:28,334 [com.file.properties.checkchange.FileChangeMonitor] INFO  com.file.properties.checkchange.FileChangeMonitor 79 - nothing changed for test.properties
2015-01-24 19:35:29,334 [com.file.properties.checkchange.FileChangeMonitor] INFO  com.file.properties.checkchange.FileChangeMonitor 79 - nothing changed for test.properties
2015-01-24 19:35:30,334 [com.file.properties.checkchange.FileChangeMonitor] INFO  com.file.properties.checkchange.FileChangeMonitor 79 - nothing changed for test.properties
2015-01-24 19:35:31,334 [com.file.properties.checkchange.FileChangeMonitor] INFO  com.file.properties.checkchange.FileChangeMonitor 79 - nothing changed for test.properties
2015-01-26 20:03:10,597 [main] INFO  com.cache.LRU.LRUCache 113 - get key:one, value:one
2015-01-26 20:05:02,797 [main] INFO  com.cache.LRU.LRUCache 129 - get key:one, value:one
2015-01-26 20:05:02,806 [main] INFO  com.cache.LRU.LRUCache 112 - key:one, value:one
2015-01-26 20:05:47,002 [main] INFO  com.cache.LRU.LRUCache 131 - get key:one, value:one
2015-01-26 20:05:47,011 [main] INFO  com.cache.LRU.LRUCache 110 - ===============cache infor==================
2015-01-26 20:05:47,012 [main] INFO  com.cache.LRU.LRUCache 114 - key:two, value:two
2015-01-26 20:05:47,013 [main] INFO  com.cache.LRU.LRUCache 114 - key:one, value:one
2015-01-26 20:07:32,548 [main] INFO  com.cache.LRU.LRUCache 131 - get key:one, value:one
2015-01-26 20:07:32,556 [main] INFO  com.cache.LRU.LRUCache 110 - ===============cache infor==================
2015-01-26 20:07:32,556 [main] INFO  com.cache.LRU.LRUCache 114 - key:four, value:four
2015-01-26 20:07:32,557 [main] INFO  com.cache.LRU.LRUCache 114 - key:three, value:three
2015-01-26 20:07:32,557 [main] INFO  com.cache.LRU.LRUCache 114 - key:two, value:two
2015-01-26 20:07:52,747 [main] INFO  com.cache.LRU.LRUCache 131 - get key:one, value:one
2015-01-26 20:07:52,756 [main] INFO  com.cache.LRU.LRUCache 147 - get key:five, value:null
2015-01-26 20:07:52,757 [main] INFO  com.cache.LRU.LRUCache 110 - ===============cache infor==================
2015-01-26 20:07:52,757 [main] INFO  com.cache.LRU.LRUCache 114 - key:four, value:four
2015-01-26 20:07:52,758 [main] INFO  com.cache.LRU.LRUCache 114 - key:three, value:three
2015-01-26 20:07:52,758 [main] INFO  com.cache.LRU.LRUCache 114 - key:two, value:two
2015-01-26 20:32:00,661 [main] INFO  com.practice.cycle_list.Solution 82 - Naive Approach, has cycyle : true
2015-01-26 20:33:53,091 [main] INFO  com.practice.cycle_list.Solution 78 - Naive Approach, has cycyle : true
2015-01-26 20:36:31,414 [main] INFO  com.practice.cycle_list.Solution 78 - Naive Approach, has cycyle : true
2015-01-26 20:36:31,423 [main] INFO  com.practice.cycle_list.Solution 106 - Accepted Approach, has cycyle : true
2015-01-26 20:41:08,305 [main] INFO  com.practice.cycle_list.Solution 78 - Naive Approach, has cycyle : true
2015-01-26 21:01:58,247 [main] INFO  com.sort.InsertSortStrategy 41 - ==============插入排序==============
2015-01-26 21:01:58,255 [main] INFO  com.sort.InsertSortStrategy 42 - 排序前...........
2015-01-26 21:01:58,285 [main] INFO  com.sort.InsertSortStrategy 43 - 5	75	81	61	85	26	81	39	37	45	74	28	13	76	31	46	40	36	74	12	
2015-01-26 21:01:58,288 [main] INFO  com.sort.InsertSortStrategy 49 - 比较次数：111
2015-01-26 21:01:58,288 [main] INFO  com.sort.InsertSortStrategy 50 - 交换次数：130
2015-01-26 21:01:58,289 [main] INFO  com.sort.InsertSortStrategy 52 - 排序后...........
2015-01-26 21:01:58,289 [main] INFO  com.sort.InsertSortStrategy 53 - 5	12	13	26	28	31	36	37	39	40	45	46	61	74	74	75	76	81	81	85	
2015-01-26 21:27:25,388 [main] INFO  com.practice.ReverseWordInString 32 - after reverse : blue is sky the
2015-01-26 21:27:42,649 [main] INFO  com.practice.ReverseWordInString 32 - before reverse : the sky is blue
2015-01-26 21:27:42,665 [main] INFO  com.practice.ReverseWordInString 34 - after reverse : blue is sky the
